1.0e-2
0.0
-5.898923769250153e10
-6.221992422487733e7
-95114.49965473797
4820.197686425013
6017.052805919955
7197.408370691215
8371.930469803698
9535.083419292583
10685.195210725591
11820.691357546806
12940.018676297455
14041.646106603986
15124.066797421016
16185.800169340251
17225.393939907644
18241.426110123557
19232.506909511747
20197.280697104434
21134.42781574339
22042.66639715953
22920.7541153372
23767.48988526324
24581.715502827057
25362.3172532069
26108.228444902812
26818.44962634419
27492.101503961938
28132.821912500214
28741.336684704424
29647.130130644517
38816.22706044925
140796.55205586078
264684.56974428333
1022165.6278205505
1.5695329356519816e7
-1.675685695830877e8
-2.761825299687572e9
2.719301961043492e9
-1.157307335748393e12
-1.8981629158500715e13
-3.717289932224156e13
-5.400823157691838e15
-5.660233128859103e17
32612.800791858233
-7.816811447184521e10
-8.257454267462015e7
-99202.2128055544
31904.756511833275
31623.47432422463
31287.88389706457
30914.85774062018
30499.655294600518
30042.735943829113
29544.72291155509
29006.297393316203
28428.19587157285
27811.20909748606
27156.181010884757
26464.007586053052
25735.63560619169
24972.061368369756
24174.32932074869
23343.530633943315
22480.801708473147
21587.32262033829
20664.31550780922
19713.04290569704
18734.806186086083
17730.94725119213
16702.87045353852
15652.64284721086
14587.335633251127
13587.438006020706
12836.641581494312
18715.88607840897
80741.90872497919
759022.5753503587
7532633.459343255
3.777269652616705e7
3.166005205259119e8
4.287923529912134e9
2.343308874387249e10
2.8887428404529285e11
3.651649710103063e12
7.507739026269084e13
6.601119431203128e14
1.2404853360057731e17
-4760.206194827044
3.062033728953e10
3.2267710595606446e7
42855.77460545858
-9477.056830825519
-10630.021362763637
-11764.170272821188
-12884.301820732853
-13986.8521894772
-15070.271448271798
-16133.076973531864
-17173.815013573436
-18191.062004958876
-19183.426515600437
-20149.551148622235
-21088.114399124643
-21997.83246179723
-22877.460986960716
-23725.79678263927
-24541.679460334795
-25323.993022264745
-26071.667387729885
-26783.67985666111
-27459.056485720957
-28096.873443033004
-28696.25651628694
-29256.373792189926
-29776.019689928005
-30248.575305677594
-30575.316304520304
-29607.170858764508
-15803.321508396388
28117.267590894553
1322372.6775578905
1.4346536986275217e7
1593088.954542384
9.269181977996271e8
4.0653134315417624e9
1.3172379066167873e11
8.034761786337695e11
-4.645576628112955e12
7.285454729203669e13
1.0862586188363331e15
-3.649981619414842e17
-31917.994995757203
-1.8119743623898174e10
-1.9148942759738963e7
-61280.0469155387
-30521.47315255522
-30065.345551668863
-29570.636908361696
-29034.24645134728
-28458.116425755234
-27843.059814681143
-27189.918323244936
-26499.585346789667
-25773.005150630044
-25011.171580917202
-24215.12670485242
-23385.959385267808
-22524.80379123242
-21632.837846689134
-20711.281619241854
-19761.39565129695
-18784.479235858045
-17781.868639261105
-16754.93527372351
-15705.083831743794
-14633.750344681848
-13542.400814349583
-12432.53748120916
-11305.577297268946
-10163.667673638784
-8998.991986602749
-7810.834499726179
-6589.599195238919
13375.299656849187
319867.7053243439
3441650.496676044
-6913906.328413234
6.122392283226341e8
2.7107488364114747e9
-1.5419828856018582e11
5.717017372808048e12
4.757263202371138e13
5.998475783696226e14
1.0834821912342356e16
1.0295829650616001e18
9418.997645305937
-1.7722093165765114e10
-1.8426694488278154e7
-15983.239032558635
13932.010163516012
15017.599617185928
16080.321642817169
17122.17737062171
18140.63533026246
19134.280138364844
20101.752294196784
21041.728448341157
21952.922863226097
22834.089169790663
23684.022072620777
24501.55899863097
25285.58168728157
26035.0177201814
26748.841987985645
27426.078092583262
28065.799682654884
28667.131720906396
29229.251679164197
29751.390651370773
30232.834398296996
30672.922994109074
31071.042303524548
31426.836475339398
31737.089101191432
32028.763800657794
32597.217698308934
41511.61675889121
171641.05862112937
-143428.88920105563
5807510.224620302
1.6980321842523772e7
-3.6819046714712894e8
-1.1865050514098742e10
3.6752915049111534e10
-6.221995942671224e11
6.218231633038643e12
-6.194911547686815e13
-2.7930554253497097e14
-2.0504710799066726e17
30543.18602959678
6.934646794740875e10
7.316502571084028e7
145100.8200766857
28487.939096095994
27869.902442951843
27223.462249017608
26535.070405733157
25810.2860468701
25050.195767908306
24255.84079939648
23428.307698830296
22568.728398227682
21678.278665249556
20758.176493552426
19809.680436625444
18834.087886279052
17832.733298018764
16806.986365722107
15758.2501481144
14687.959149591488
13597.577357986815
12488.596241020055
11362.532707214294
10220.926940966401
9065.33981616748
7897.353269672601
6718.602477277604
5531.975847035407
4336.778452800397
3583.9629526714293
2905.9107200831127
171759.9444616038
191751.7864919656
5823936.042624094
1.0349034563176435e8
2.256931032309583e9
1.8544800044068375e10
4.610302938592069e10
-1.5826109637292915e12
8.966543595895307e12
-2.0722791936374072e14
-1.2636091582149855e15
-1.1985677633756163e17
-13877.120217350328
-3.657136260276514e10
-3.8536601515036345e7
-78106.25867641538
-18090.14625947724
-19082.491528859962
-20053.83199997437
-20995.26931010346
-21907.93775591519
-22790.638814220227
-23642.165899719123
-24461.354261965633
-25247.0833806314
-25998.27850311525
-26713.912113911665
-27393.005340014995
-28034.629289856777
-28637.906323881445
-29202.011255017867
-29726.172477404474
-30209.6730218232
-30651.851536417114
-31052.10319115953
-31409.88050353689
-31724.694119196265
-31996.113729012774
-32223.774317050986
-32407.684525403343
-32548.225622486578
-32672.06406452608
-32748.887668698026
-34868.6587607906
-93553.45183521476
-1542920.4868748891
-1.917883331178167e7
-3.305837419197818e8
-4.972526044359814e9
-5.1271241597249466e10
-5.0815495011940137e11
-4.115593998155746e12
5.594288870427349e12
-7.92979379151117e13
-5.4295460412516594e14
4.1879937987332454e17
-28517.663780019695
-3.632499831794082e10
-3.84401685601966e7
-87696.3043846825
-25847.478166683297
-25086.528688039223
-24296.4182983338
-23470.57459783736
-22612.575378378555
-21723.644920954306
-20804.999968656084
-19857.897085069184
-18883.631755448176
-17883.536619783274
-16858.97964921489
-15811.362274790754
-14742.117470524825
-13652.707793316826
-12544.623382406757
-11419.379921101105
-10278.516563560444
-9123.593829392215
-7956.19146921377
-6777.906303305472
-5590.349932729597
-4395.147102300959
-3193.958766475403
-1988.6206971344138
-781.987247864197
389.10681677991045
1648.0602659350586
-2239.8375526703066
-59559.53897626458
-615072.7427347818
539120.0176313244
-1.0845268972896078e8
1.8183194885940462e8
-6.08308981567207e9
1.2621305922503224e11
2.3677411878800024e11
-6.450673280058392e12
3.3201218088673775e14
3.306674443738097e15
2.788430783256273e17
18039.594966268396
1.3974942591974081e10
1.482573640147165e7
44560.904707730406
21862.877294598544
22746.097856235083
23600.207669208037
24421.065062845366
25208.498234731927
25961.449863492246
26678.890355363386
27359.838367140204
28003.36246983941
28608.582424762848
29174.67038722999
29700.852038906793
30186.407646948188
30630.67304847782
31033.040559057456
31392.95980390279
31709.938470735146
31983.5429832805
32213.399095475113
32399.19239983883
32540.668672756317
32637.632894132075
32689.9576609171
32697.399540352646
32657.198180022067
32575.146507288442
32614.75373389975
34737.82187386927
44287.074440761724
744237.5494753941
6759943.382382658
4.585084437319337e7
1.0446812036040946e9
2.2090796145896e10
-2.2728384120334885e11
-1.7307141239599932e12
-2.216813634087442e13
-9.006883888317895e13
-1.5636411402501258e15
-5.910484735001332e17
25884.581382139422
5.0563757262896595e9
6973875.421778656
40861.688663173416
22789.97029315613
21869.03035757239
20975.71076059676
20054.976515159473
19108.00825527933
18136.0515923998
17140.377859041688
16122.289137134348
15083.116812252376
14024.219841340384
12946.98297585122
11852.814950871129
10743.14664287322
9619.429198517888
8483.132136943796
7335.741428034534
6178.757549177922
5013.693522998487
3842.0729395615745
2665.4279641793623
1485.2972992750124
303.22451782666343
-879.2450741902163
-2060.632103478605
-3239.7209384420953
-4414.366873341603
-5610.385762472693
-6821.4746627982895
-9251.953199841646
-60143.94581906544
-493110.3849071863
-2.094418692626859e7
8.511829736295688e7
-3.211872751671866e9
-1.5942963389091276e10
9.41308052260355e10
-6.793831644365038e11
-7.284610926256801e12
-3.0137896476102056e14
-1.4159882710150913e15
1.546805027575886e17
