132,244c132,244
< -295
< -1869
< -3441
< -5012
< -6580
< -8144
< -9703
< -11256
< -12804
< -14343
< -15875
< -17397
< -18909
< -20411
< -21900
< -23377
< -24841
< -26290
< -27724
< -29142
< -30543
< -31927
< -33292
< -34638
< -35964
< -37269
< -38553
< -39815
< -41053
< -42268
< -43458
< -44624
< -45764
< -46877
< -47963
< -49022
< -50052
< -51054
< -52026
< -52968
< -53879
< -54760
< -55609
< -56425
< -57210
< -57961
< -58679
< -59362
< -60012
< -60627
< -61207
< -61752
< -62262
< -62735
< -63172
< -63573
< -63937
< -64264
< -64554
< -64807
< -65022
< -65200
< -65341
< -65443
< -65508
< -65536
< -65525
< -65477
< -65390
< -65267
< -65105
< -64906
< -64669
< -64396
< -64085
< -63737
< -63352
< -62931
< -62473
< -61980
< -61451
< -60886
< -60286
< -59652
< -58983
< -58280
< -57543
< -56773
< -55971
< -55136
< -54269
< -53371
< -52442
< -51483
< -50495
< -49477
< -48431
< -47357
< -46255
< -45127
< -43972
< -42793
< -41589
< -40360
< -39109
< -37835
< -36539
< -35222
< -33884
< -32528
< -31152
< -29758
< -28348
---
> -294
> -1868
> -3440
> -5011
> -6579
> -8143
> -9702
> -11255
> -12803
> -14342
> -15874
> -17396
> -18908
> -20410
> -21899
> -23376
> -24840
> -26289
> -27723
> -29141
> -30542
> -31926
> -33291
> -34637
> -35963
> -37268
> -38552
> -39814
> -41052
> -42267
> -43457
> -44623
> -45763
> -46876
> -47962
> -49021
> -50051
> -51053
> -52025
> -52967
> -53878
> -54759
> -55608
> -56424
> -57209
> -57960
> -58678
> -59361
> -60011
> -60626
> -61206
> -61751
> -62261
> -62734
> -63171
> -63572
> -63936
> -64263
> -64553
> -64806
> -65021
> -65199
> -65340
> -65442
> -65507
> -65535
> -65524
> -65476
> -65389
> -65266
> -65104
> -64905
> -64668
> -64395
> -64084
> -63736
> -63351
> -62930
> -62472
> -61979
> -61450
> -60885
> -60285
> -59651
> -58982
> -58279
> -57542
> -56772
> -55970
> -55135
> -54268
> -53370
> -52441
> -51482
> -50494
> -49476
> -48430
> -47356
> -46254
> -45126
> -43971
> -42792
> -41588
> -40359
> -39108
> -37834
> -36538
> -35221
> -33883
> -32527
> -31151
> -29757
> -28347
246,262c246,262
< -25478
< -24021
< -22549
< -21065
< -19569
< -18061
< -16543
< -15016
< -13479
< -11935
< -10385
< -8828
< -7266
< -5700
< -4130
< -2558
< -985
---
> -25477
> -24020
> -22548
> -21064
> -19568
> -18060
> -16542
> -15015
> -13478
> -11934
> -10384
> -8827
> -7265
> -5699
> -4129
> -2557
> -984
273c273
< 16160
---
> 16159
334c334
< 64863
---
> 64864
394,524c394,524
< -884
< -2458
< -4030
< -5599
< -7166
< -8728
< -10285
< -11837
< -13381
< -14918
< -16446
< -17965
< -19473
< -20970
< -22455
< -23927
< -25385
< -26829
< -28257
< -29669
< -31063
< -32440
< -33798
< -35137
< -36455
< -37752
< -39028
< -40281
< -41511
< -42717
< -43898
< -45054
< -46184
< -47287
< -48363
< -49411
< -50431
< -51421
< -52382
< -53313
< -54213
< -55081
< -55918
< -56723
< -57495
< -58233
< -58939
< -59610
< -60247
< -60849
< -61416
< -61947
< -62443
< -62903
< -63326
< -63713
< -64064
< -64377
< -64653
< -64892
< -65093
< -65257
< -65384
< -65472
< -65523
< -65536
< -65511
< -65449
< -65348
< -65210
< -65035
< -64822
< -64571
< -64284
< -63959
< -63597
< -63199
< -62764
< -62293
< -61786
< -61243
< -60665
< -60053
< -59405
< -58723
< -58008
< -57259
< -56476
< -55662
< -54815
< -53937
< -53027
< -52087
< -51117
< -50117
< -49089
< -48032
< -46947
< -45836
< -44698
< -43534
< -42345
< -41131
< -39894
< -38634
< -37352
< -36048
< -34723
< -33379
< -32015
< -30632
< -29232
< -27815
< -26382
< -24934
< -23471
< -21995
< -20506
< -19006
< -17494
< -15972
< -14441
< -12902
< -11356
< -9802
< -8243
< -6680
< -5112
< -3542
< -1969
< -396
---
> -883
> -2457
> -4029
> -5598
> -7165
> -8727
> -10284
> -11836
> -13380
> -14917
> -16445
> -17964
> -19472
> -20969
> -22454
> -23926
> -25384
> -26828
> -28256
> -29668
> -31062
> -32439
> -33797
> -35136
> -36454
> -37751
> -39027
> -40280
> -41510
> -42716
> -43897
> -45053
> -46183
> -47286
> -48362
> -49410
> -50430
> -51420
> -52381
> -53312
> -54212
> -55080
> -55917
> -56722
> -57494
> -58232
> -58938
> -59609
> -60246
> -60848
> -61415
> -61946
> -62442
> -62902
> -63325
> -63712
> -64063
> -64376
> -64652
> -64891
> -65092
> -65256
> -65383
> -65471
> -65522
> -65535
> -65510
> -65448
> -65347
> -65209
> -65034
> -64821
> -64570
> -64283
> -63958
> -63596
> -63198
> -62763
> -62292
> -61785
> -61242
> -60664
> -60052
> -59404
> -58722
> -58007
> -57258
> -56475
> -55661
> -54814
> -53936
> -53026
> -52086
> -51116
> -50116
> -49088
> -48031
> -46946
> -45835
> -44697
> -43533
> -42344
> -41130
> -39893
> -38633
> -37351
> -36047
> -34722
> -33378
> -32014
> -30631
> -29231
> -27814
> -26381
> -24933
> -23470
> -21994
> -20505
> -19005
> -17493
> -15971
> -14440
> -12901
> -11355
> -9801
> -8242
> -6679
> -5111
> -3541
> -1968
> -395
539c539
< 22731
---
> 22730
656,720c656,719
< -1474
< -3047
< -4618
< -6186
< -7751
< -9312
< -10867
< -12416
< -13957
< -15491
< -17016
< -18531
< -20035
< -21527
< -23008
< -24475
< -25927
< -27365
< -28787
< -30193
< -31581
< -32951
< -34302
< -35633
< -36943
< -38233
< -39500
< -40744
< -41965
< -43162
< -44334
< -45480
< -46600
< -47693
< -48759
< -49796
< -50805
< -51784
< -52734
< -53653
< -54542
< -55398
< -56223
< -57016
< -57775
< -58501
< -59194
< -59852
< -60476
< -61065
< -61619
< -62137
< -62619
< -63066
< -63475
< -63849
< -64185
< -64485
< -64747
< -64972
< -65159
< -65309
< -65421
< -65496
< -65532
---
> -1473
> -3046
> -4617
> -6185
> -7750
> -9311
> -10866
> -12415
> -13956
> -15490
> -17015
> -18530
> -20034
> -21526
> -23007
> -24474
> -25926
> -27364
> -28786
> -30192
> -31580
> -32950
> -34301
> -35632
> -36942
> -38232
> -39499
> -40743
> -41964
> -43161
> -44333
> -45479
> -46599
> -47692
> -48758
> -49795
> -50804
> -51783
> -52733
> -53652
> -54541
> -55397
> -56222
> -57015
> -57774
> -58500
> -59193
> -59851
> -60475
> -61064
> -61618
> -62136
> -62618
> -63065
> -63474
> -63848
> -64184
> -64484
> -64746
> -64971
> -65158
> -65308
> -65420
> -65495
722,785c721,785
< -65492
< -65416
< -65301
< -65149
< -64959
< -64732
< -64468
< -64166
< -63828
< -63452
< -63040
< -62592
< -62107
< -61587
< -61031
< -60440
< -59814
< -59154
< -58459
< -57731
< -56970
< -56175
< -55348
< -54490
< -53600
< -52679
< -51727
< -50746
< -49735
< -48696
< -47629
< -46534
< -45413
< -44265
< -43091
< -41893
< -40671
< -39425
< -38157
< -36866
< -35554
< -34222
< -32870
< -31499
< -30110
< -28703
< -27280
< -25842
< -24388
< -22920
< -21439
< -19946
< -18441
< -16925
< -15400
< -13866
< -12324
< -10775
< -9219
< -7658
< -6093
< -4525
< -2953
< -1380
---
> -65530
> -65491
> -65415
> -65300
> -65148
> -64958
> -64731
> -64467
> -64165
> -63827
> -63451
> -63039
> -62591
> -62106
> -61586
> -61030
> -60439
> -59813
> -59153
> -58458
> -57730
> -56969
> -56174
> -55347
> -54489
> -53599
> -52678
> -51726
> -50745
> -49734
> -48695
> -47628
> -46533
> -45412
> -44264
> -43090
> -41892
> -40670
> -39424
> -38156
> -36865
> -35553
> -34221
> -32869
> -31498
> -30109
> -28702
> -27279
> -25841
> -24387
> -22919
> -21438
> -19945
> -18440
> -16924
> -15399
> -13865
> -12323
> -10774
> -9218
> -7657
> -6092
> -4524
> -2952
> -1379
800c800
< 21805
---
> 21804
825c825
< 52908
---
> 52907
917,1028c917,1028
< -489
< -2063
< -3635
< -5205
< -6773
< -8336
< -9895
< -11448
< -12994
< -14533
< -16063
< -17584
< -19095
< -20595
< -22083
< -23559
< -25020
< -26468
< -27900
< -29316
< -30715
< -32096
< -33459
< -34803
< -36126
< -37429
< -38710
< -39968
< -41204
< -42416
< -43604
< -44766
< -45902
< -47012
< -48095
< -49150
< -50177
< -51175
< -52144
< -53082
< -53990
< -54866
< -55711
< -56524
< -57304
< -58051
< -58765
< -59444
< -60090
< -60701
< -61277
< -61817
< -62322
< -62791
< -63223
< -63620
< -63979
< -64302
< -64587
< -64835
< -65046
< -65220
< -65355
< -65453
< -65514
< -65536
< -65521
< -65468
< -65377
< -65249
< -65082
< -64879
< -64638
< -64359
< -64044
< -63691
< -63302
< -62876
< -62415
< -61917
< -61383
< -60814
< -60210
< -59571
< -58898
< -58191
< -57450
< -56676
< -55869
< -55031
< -54160
< -53258
< -52326
< -51363
< -50371
< -49350
< -48300
< -47222
< -46117
< -44986
< -43828
< -42646
< -41438
< -40207
< -38953
< -37676
< -36377
< -35058
< -33718
< -32359
< -30981
< -29585
---
> -488
> -2062
> -3634
> -5204
> -6772
> -8335
> -9894
> -11447
> -12993
> -14532
> -16062
> -17583
> -19094
> -20594
> -22082
> -23558
> -25019
> -26467
> -27899
> -29315
> -30714
> -32095
> -33458
> -34802
> -36125
> -37428
> -38709
> -39967
> -41203
> -42415
> -43603
> -44765
> -45901
> -47011
> -48094
> -49149
> -50176
> -51174
> -52143
> -53081
> -53989
> -54865
> -55710
> -56523
> -57303
> -58050
> -58764
> -59443
> -60089
> -60700
> -61276
> -61816
> -62321
> -62790
> -63222
> -63619
> -63978
> -64301
> -64586
> -64834
> -65045
> -65219
> -65354
> -65452
> -65513
> -65535
> -65520
> -65467
> -65376
> -65248
> -65081
> -64878
> -64637
> -64358
> -64043
> -63690
> -63301
> -62875
> -62414
> -61916
> -61382
> -60813
> -60209
> -59570
> -58897
> -58190
> -57449
> -56675
> -55868
> -55030
> -54159
> -53257
> -52325
> -51362
> -50370
> -49349
> -48299
> -47221
> -46116
> -44985
> -43827
> -42645
> -41437
> -40206
> -38952
> -37675
> -36376
> -35057
> -33717
> -32358
> -30980
> -29584
1030,1038c1030,1038
< -26743
< -25299
< -23840
< -22367
< -20881
< -19384
< -17875
< -16355
< -14827
---
> -26742
> -25298
> -23839
> -22366
> -20880
> -19383
> -17874
> -16354
> -14826
1040,1047c1040,1047
< -11745
< -10193
< -8635
< -7073
< -5506
< -3936
< -2364
< -791
---
> -11744
> -10192
> -8634
> -7072
> -5505
> -3935
> -2363
> -790
1056c1056
< 13282
---
> 13281
1058c1058
< 16348
---
> 16347
1179,1251c1179,1251
< -1079
< -2652
< -4223
< -5793
< -7359
< -8920
< -10477
< -12027
< -13571
< -15107
< -16634
< -18151
< -19658
< -21154
< -22637
< -24108
< -25564
< -27006
< -28432
< -29842
< -31234
< -32609
< -33964
< -35301
< -36616
< -37911
< -39184
< -40434
< -41661
< -42864
< -44042
< -45194
< -46321
< -47421
< -48494
< -49538
< -50554
< -51541
< -52498
< -53425
< -54321
< -55186
< -56019
< -56820
< -57588
< -58322
< -59023
< -59690
< -60323
< -60920
< -61483
< -62010
< -62502
< -62957
< -63376
< -63758
< -64104
< -64413
< -64685
< -64919
< -65116
< -65275
< -65397
< -65481
< -65527
< -65535
< -65506
< -65438
< -65333
< -65191
< -65011
< -64793
< -64538
---
> -1077
> -2651
> -4222
> -5792
> -7358
> -8919
> -10476
> -12026
> -13570
> -15106
> -16633
> -18150
> -19657
> -21153
> -22636
> -24106
> -25563
> -27005
> -28431
> -29841
> -31233
> -32608
> -33963
> -35299
> -36615
> -37910
> -39183
> -40433
> -41660
> -42863
> -44041
> -45193
> -46320
> -47420
> -48493
> -49537
> -50553
> -51540
> -52497
> -53424
> -54320
> -55185
> -56018
> -56819
> -57587
> -58321
> -59022
> -59689
> -60322
> -60919
> -61482
> -62009
> -62501
> -62956
> -63375
> -63757
> -64103
> -64412
> -64684
> -64918
> -65115
> -65274
> -65396
> -65480
> -65526
> -65534
> -65505
> -65437
> -65332
> -65190
> -65010
> -64792
> -64537
1253,1278c1253,1278
< -63916
< -63550
< -63147
< -62708
< -62232
< -61721
< -61174
< -60592
< -59975
< -59323
< -58637
< -57917
< -57164
< -56378
< -55559
< -54708
< -53826
< -52913
< -51969
< -50995
< -49992
< -48960
< -47900
< -46812
< -45697
< -44555
---
> -63915
> -63549
> -63146
> -62707
> -62231
> -61720
> -61173
> -60591
> -59974
> -59322
> -58636
> -57916
> -57163
> -56377
> -55558
> -54707
> -53825
> -52912
> -51968
> -50994
> -49991
> -48959
> -47899
> -46811
> -45696
> -44554
1280,1288c1280,1288
< -42197
< -40980
< -39740
< -38477
< -37192
< -35886
< -34559
< -33211
< -31845
---
> -42196
> -40979
> -39739
> -38476
> -37191
> -35885
> -34558
> -33210
> -31844
1290,1309c1290,1309
< -29058
< -27639
< -26204
< -24754
< -23290
< -21812
< -20322
< -18820
< -17307
< -15784
< -14252
< -12712
< -11164
< -9610
< -8051
< -6487
< -4919
< -3348
< -1775
< -202
---
> -29057
> -27638
> -26203
> -24753
> -23289
> -21811
> -20321
> -18819
> -17306
> -15783
> -14251
> -12711
> -11163
> -9609
> -8050
> -6486
> -4918
> -3347
> -1774
> -201
1336c1336
< 39419
---
> 39418
1340c1340
< 44259
---
> 44258
1440,1513c1440,1513
< -94
< -1668
< -3240
< -4811
< -6379
< -7944
< -9504
< -11058
< -12606
< -14147
< -15680
< -17203
< -18717
< -20219
< -21711
< -23189
< -24655
< -26106
< -27542
< -28962
< -30365
< -31751
< -33119
< -34467
< -35796
< -37104
< -38390
< -39655
< -40896
< -42114
< -43308
< -44476
< -45619
< -46736
< -47826
< -48888
< -49922
< -50927
< -51903
< -52849
< -53765
< -54649
< -55502
< -56323
< -57111
< -57867
< -58589
< -59277
< -59931
< -60551
< -61135
< -61685
< -62198
< -62676
< -63118
< -63524
< -63892
< -64224
< -64519
< -64777
< -64997
< -65180
< -65325
< -65432
< -65502
< -65534
< -65528
< -65485
< -65404
< -65284
< -65128
< -64933
< -64702
< -64433
---
> -93
> -1667
> -3239
> -4810
> -6378
> -7943
> -9503
> -11057
> -12605
> -14146
> -15678
> -17202
> -18716
> -20218
> -21710
> -23188
> -24653
> -26105
> -27541
> -28961
> -30364
> -31750
> -33117
> -34466
> -35795
> -37103
> -38389
> -39653
> -40895
> -42113
> -43307
> -44475
> -45618
> -46735
> -47825
> -48887
> -49921
> -50926
> -51902
> -52848
> -53763
> -54648
> -55501
> -56322
> -57110
> -57866
> -58588
> -59276
> -59930
> -60550
> -61134
> -61684
> -62197
> -62675
> -63117
> -63522
> -63891
> -64223
> -64518
> -64776
> -64996
> -65179
> -65324
> -65431
> -65501
> -65533
> -65527
> -65484
> -65403
> -65283
> -65127
> -64932
> -64701
> -64432
1515,1570c1515,1570
< -63783
< -63403
< -62987
< -62534
< -62045
< -61520
< -60960
< -60365
< -59735
< -59070
< -58371
< -57639
< -56873
< -56075
< -55244
< -54382
< -53488
< -52563
< -51608
< -50623
< -49609
< -48566
< -47495
< -46397
< -45272
< -44121
< -42945
< -41744
< -40519
< -39270
< -37999
< -36706
< -35391
< -34056
< -32702
< -31329
< -29937
< -28529
< -27104
< -25663
< -24208
< -22738
< -21256
< -19761
< -18255
< -16738
< -15211
< -13676
< -12133
< -10583
< -9027
< -7466
< -5900
< -4331
< -2759
< -1186
---
> -63782
> -63402
> -62986
> -62533
> -62044
> -61519
> -60959
> -60364
> -59734
> -59069
> -58370
> -57638
> -56872
> -56074
> -55243
> -54381
> -53487
> -52562
> -51607
> -50622
> -49608
> -48565
> -47494
> -46396
> -45271
> -44120
> -42944
> -41743
> -40518
> -39269
> -37998
> -36705
> -35390
> -34055
> -32701
> -31328
> -29936
> -28528
> -27103
> -25662
> -24207
> -22737
> -21255
> -19760
> -18254
> -16737
> -15210
> -13675
> -12132
> -10582
> -9026
> -7465
> -5899
> -4330
> -2758
> -1185
1578c1578
< 11348
---
> 11347
1580c1580
< 14434
---
> 14433
1603c1603
< 45830
---
> 45829
1650c1650
< 61948
---
> 61949
1698c1698
< 5605
---
> 5606
1702,1800c1702,1800
< -683
< -2257
< -3829
< -5399
< -6966
< -8529
< -10087
< -11639
< -13184
< -14722
< -16251
< -17771
< -19281
< -20779
< -22266
< -23740
< -25200
< -26645
< -28075
< -29489
< -30886
< -32265
< -33626
< -34967
< -36288
< -37588
< -38866
< -40122
< -41355
< -42564
< -43748
< -44907
< -46041
< -47147
< -48227
< -49279
< -50302
< -51296
< -52261
< -53195
< -54099
< -54972
< -55813
< -56622
< -57398
< -58141
< -58850
< -59526
< -60167
< -60774
< -61345
< -61881
< -62382
< -62846
< -63274
< -63666
< -64021
< -64339
< -64620
< -64863
< -65070
< -65238
< -65370
< -65463
< -65519
< -65536
< -65517
< -65459
< -65363
< -65230
< -65059
< -64851
< -64605
< -64322
< -64002
< -63645
< -63252
< -62821
< -62355
< -61853
< -61315
< -60741
< -60133
< -59490
< -58812
< -58101
< -57356
< -56578
< -55768
< -54925
< -54051
< -53145
< -52209
< -51242
< -50247
< -49222
< -48168
< -47087
< -45979
---
> -682
> -2256
> -3828
> -5398
> -6965
> -8528
> -10085
> -11638
> -13183
> -14721
> -16250
> -17770
> -19280
> -20778
> -22265
> -23738
> -25199
> -26644
> -28074
> -29488
> -30885
> -32264
> -33625
> -34966
> -36287
> -37587
> -38865
> -40121
> -41354
> -42563
> -43747
> -44906
> -46040
> -47146
> -48226
> -49278
> -50301
> -51295
> -52260
> -53194
> -54098
> -54971
> -55812
> -56621
> -57397
> -58140
> -58849
> -59525
> -60166
> -60773
> -61344
> -61880
> -62381
> -62845
> -63273
> -63665
> -64020
> -64338
> -64619
> -64862
> -65069
> -65237
> -65369
> -65462
> -65518
> -65535
> -65516
> -65458
> -65362
> -65229
> -65058
> -64850
> -64604
> -64321
> -64001
> -63644
> -63251
> -62820
> -62354
> -61852
> -61314
> -60740
> -60132
> -59489
> -58811
> -58100
> -57355
> -56577
> -55767
> -54924
> -54050
> -53144
> -52208
> -51241
> -50246
> -49221
> -48167
> -47086
> -45978
1802,1830c1802,1830
< -43684
< -42498
< -41288
< -40054
< -38797
< -37517
< -36216
< -34894
< -33552
< -32190
< -30810
< -29412
< -27997
< -26566
< -25120
< -23659
< -22185
< -20697
< -19198
< -17688
< -16167
< -14638
< -13099
< -11554
< -10001
< -8443
< -6880
< -5313
< -3743
---
> -43683
> -42497
> -41287
> -40053
> -38796
> -37516
> -36215
> -34893
> -33551
> -32189
> -30809
> -29411
> -27996
> -26565
> -25119
> -23658
> -22184
> -20696
> -19197
> -17687
> -16166
> -14637
> -13098
> -11553
> -10000
> -8442
> -6879
> -5312
> -3742
1832c1832
< -597
---
> -596
1836c1836
< 5692
---
> 5691
1841c1841
< 13472
---
> 13471
1877c1877
< 57539
---
> 57538
1956c1956
< 11262
---
> 11263
1964,2030c1964,2030
< -1273
< -2846
< -4417
< -5986
< -7551
< -9113
< -10668
< -12218
< -13761
< -15295
< -16821
< -18338
< -19843
< -21337
< -22819
< -24288
< -25743
< -27182
< -28607
< -30014
< -31405
< -32777
< -34130
< -35464
< -36777
< -38069
< -39339
< -40586
< -41810
< -43010
< -44185
< -45335
< -46458
< -47555
< -48624
< -49665
< -50678
< -51661
< -52614
< -53538
< -54430
< -55291
< -56120
< -56916
< -57680
< -58410
< -59107
< -59770
< -60398
< -60992
< -61550
< -62073
< -62560
< -63011
< -63425
< -63803
< -64144
< -64448
< -64715
< -64945
< -65137
< -65292
< -65409
< -65488
< -65530
< -65533
< -65499
---
> -1271
> -2845
> -4416
> -5985
> -7550
> -9112
> -10667
> -12217
> -13760
> -15294
> -16820
> -18336
> -19842
> -21336
> -22818
> -24287
> -25742
> -27181
> -28606
> -30013
> -31404
> -32776
> -34129
> -35463
> -36776
> -38068
> -39338
> -40585
> -41809
> -43009
> -44184
> -45334
> -46457
> -47554
> -48623
> -49664
> -50677
> -51660
> -52613
> -53536
> -54429
> -55290
> -56119
> -56915
> -57679
> -58409
> -59106
> -59769
> -60397
> -60991
> -61549
> -62072
> -62559
> -63010
> -63424
> -63802
> -64143
> -64447
> -64714
> -64944
> -65136
> -65291
> -65408
> -65487
> -65529
> -65532
> -65498
2032,2077c2032,2077
< -65318
< -65171
< -64986
< -64763
< -64504
< -64207
< -63873
< -63502
< -63095
< -62651
< -62171
< -61655
< -61104
< -60518
< -59896
< -59240
< -58550
< -57826
< -57069
< -56279
< -55456
< -54601
< -53715
< -52798
< -51850
< -50873
< -49866
< -48831
< -47767
< -46676
< -45557
< -44413
< -43243
< -42048
< -40829
< -39586
< -38320
< -37032
< -35723
< -34394
< -33044
< -31675
< -30289
< -28884
< -27463
< -26026
---
> -65317
> -65170
> -64985
> -64762
> -64503
> -64206
> -63872
> -63501
> -63094
> -62650
> -62170
> -61654
> -61103
> -60517
> -59895
> -59239
> -58549
> -57825
> -57068
> -56278
> -55455
> -54600
> -53714
> -52797
> -51849
> -50872
> -49865
> -48830
> -47766
> -46675
> -45556
> -44412
> -43242
> -42047
> -40828
> -39585
> -38319
> -37031
> -35722
> -34393
> -33043
> -31674
> -30288
> -28883
> -27462
> -26025
2080,2094c2080,2094
< -21629
< -20137
< -18634
< -17120
< -15596
< -14063
< -12521
< -10973
< -9418
< -7858
< -6294
< -4725
< -3154
< -1581
< -8
---
> -21628
> -20136
> -18633
> -17119
> -15595
> -14062
> -12520
> -10972
> -9417
> -7857
> -6293
> -4724
> -3153
> -1580
> -7
2120c2120
< 38308
---
> 38307
2140c2140
< 58543
---
> 58542
2218c2218
< 10681
---
> 10682
2225,2307c2225,2307
< -288
< -1862
< -3434
< -5005
< -6573
< -8137
< -9696
< -11249
< -12797
< -14336
< -15868
< -17390
< -18903
< -20404
< -21894
< -23371
< -24834
< -26283
< -27718
< -29136
< -30537
< -31921
< -33286
< -34632
< -35958
< -37263
< -38547
< -39809
< -41048
< -42263
< -43453
< -44619
< -45759
< -46872
< -47958
< -49017
< -50048
< -51049
< -52021
< -52964
< -53875
< -54756
< -55605
< -56422
< -57206
< -57957
< -58675
< -59359
< -60009
< -60625
< -61205
< -61750
< -62259
< -62733
< -63170
< -63571
< -63935
< -64262
< -64553
< -64806
< -65021
< -65200
< -65340
< -65443
< -65508
< -65536
< -65525
< -65477
< -65391
< -65267
< -65106
< -64907
< -64671
< -64397
< -64086
< -63738
< -63354
< -62933
< -62476
< -61982
< -61453
< -60889
< -60289
---
> -287
> -1861
> -3433
> -5004
> -6572
> -8135
> -9695
> -11248
> -12796
> -14335
> -15867
> -17389
> -18902
> -20403
> -21893
> -23370
> -24833
> -26282
> -27716
> -29135
> -30536
> -31920
> -33285
> -34631
> -35957
> -37262
> -38546
> -39808
> -41046
> -42261
> -43452
> -44618
> -45758
> -46871
> -47957
> -49016
> -50047
> -51048
> -52020
> -52963
> -53874
> -54755
> -55604
> -56421
> -57205
> -57956
> -58674
> -59358
> -60008
> -60624
> -61204
> -61749
> -62258
> -62732
> -63169
> -63570
> -63934
> -64261
> -64552
> -64805
> -65020
> -65199
> -65339
> -65442
> -65507
> -65535
> -65524
> -65476
> -65390
> -65266
> -65105
> -64906
> -64670
> -64396
> -64085
> -63737
> -63353
> -62932
> -62475
> -61981
> -61452
> -60888
> -60288
2309,2328c2309,2328
< -58986
< -58283
< -57546
< -56777
< -55974
< -55140
< -54273
< -53375
< -52447
< -51488
< -50499
< -49482
< -48436
< -47361
< -46260
< -45132
< -43978
< -42798
< -41594
< -40366
---
> -58985
> -58282
> -57545
> -56776
> -55973
> -55139
> -54272
> -53374
> -52446
> -51487
> -50498
> -49481
> -48435
> -47360
> -46259
> -45131
> -43977
> -42797
> -41593
> -40365
2331,2332c2331,2332
< -36545
< -35228
---
> -36544
> -35227
2334,2347c2334,2347
< -32534
< -31158
< -29765
< -28354
< -26927
< -25484
< -24027
< -22556
< -21072
< -19576
< -18068
< -16550
< -15023
< -13486
---
> -32533
> -31157
> -29764
> -28353
> -26926
> -25483
> -24026
> -22555
> -21071
> -19575
> -18067
> -16549
> -15022
> -13485
2349,2353c2349,2353
< -10392
< -8835
< -7273
< -5707
< -4137
---
> -10391
> -8834
> -7272
> -5706
> -4136
2355c2355
< -992
---
> -991
2358c2358
< 3728
---
> 3727
2368c2368
< 19184
---
> 19183
2383c2383
< 40042
---
> 40041
2393c2393
< 51233
---
> 51232
2448c2448
< 52268
---
> 52269
2461c2461
< 37598
---
> 37599
2487,2574c2487,2574
< -877
< -2451
< -4023
< -5592
< -7159
< -8721
< -10278
< -11830
< -13374
< -14911
< -16439
< -17958
< -19466
< -20963
< -22448
< -23920
< -25379
< -26822
< -28250
< -29662
< -31057
< -32434
< -33792
< -35131
< -36449
< -37747
< -39022
< -40275
< -41505
< -42711
< -43893
< -45049
< -46179
< -47282
< -48358
< -49406
< -50426
< -51417
< -52378
< -53309
< -54209
< -55077
< -55914
< -56719
< -57491
< -58230
< -58936
< -59607
< -60244
< -60846
< -61413
< -61945
< -62441
< -62901
< -63324
< -63712
< -64062
< -64376
< -64652
< -64891
< -65093
< -65257
< -65383
< -65472
< -65523
< -65536
< -65511
< -65449
< -65349
< -65211
< -65036
< -64823
< -64572
< -64285
< -63960
< -63599
< -63201
< -62766
< -62295
< -61788
< -61246
< -60668
< -60055
< -59408
< -58726
< -58011
< -57262
< -56480
---
> -876
> -2450
> -4022
> -5591
> -7158
> -8720
> -10277
> -11828
> -13373
> -14910
> -16438
> -17957
> -19465
> -20962
> -22447
> -23919
> -25378
> -26821
> -28249
> -29661
> -31056
> -32433
> -33791
> -35130
> -36448
> -37746
> -39021
> -40274
> -41504
> -42710
> -43892
> -45048
> -46178
> -47281
> -48357
> -49405
> -50425
> -51416
> -52377
> -53308
> -54208
> -55076
> -55913
> -56718
> -57490
> -58229
> -58934
> -59606
> -60243
> -60845
> -61412
> -61944
> -62440
> -62900
> -63323
> -63711
> -64061
> -64375
> -64651
> -64890
> -65092
> -65256
> -65382
> -65471
> -65522
> -65535
> -65510
> -65448
> -65348
> -65210
> -65035
> -64822
> -64571
> -64284
> -63959
> -63598
> -63200
> -62765
> -62294
> -61787
> -61245
> -60667
> -60054
> -59407
> -58725
> -58010
> -57261
> -56479
2576,2596c2576,2596
< -54819
< -53941
< -53031
< -52091
< -51121
< -50122
< -49093
< -48037
< -46952
< -45841
< -44703
< -43539
< -42350
< -41137
< -39900
< -38640
< -37358
< -36054
< -34729
< -33385
< -32021
---
> -54818
> -53940
> -53030
> -52090
> -51120
> -50121
> -49092
> -48036
> -46951
> -45840
> -44702
> -43538
> -42349
> -41136
> -39899
> -38639
> -37357
> -36053
> -34728
> -33384
> -32020
2599,2600c2599,2600
< -27822
< -26389
---
> -27821
> -26388
2602,2604c2602,2604
< -23478
< -22002
< -20513
---
> -23477
> -22001
> -20512
2606,2611c2606,2611
< -17501
< -15979
< -14448
< -12909
< -11363
< -9809
---
> -17500
> -15978
> -14447
> -12908
> -11362
> -9808
2613,2615c2613,2615
< -6687
< -5119
< -3549
---
> -6686
> -5118
> -3548
2617c2617
< -403
---
> -402
2622c2622
< 7451
---
> 7450
2652c2652
< 48556
---
> 48555
2730c2730
< 27553
---
> 27554
2749,2813c2749,2812
< -1467
< -3040
< -4611
< -6179
< -7744
< -9305
< -10860
< -12409
< -13950
< -15484
< -17009
< -18524
< -20028
< -21521
< -23001
< -24468
< -25921
< -27359
< -28781
< -30187
< -31575
< -32945
< -34296
< -35627
< -36938
< -38227
< -39494
< -40739
< -41960
< -43156
< -44328
< -45475
< -46595
< -47688
< -48754
< -49792
< -50800
< -51780
< -52730
< -53649
< -54538
< -55395
< -56220
< -57012
< -57772
< -58498
< -59191
< -59849
< -60473
< -61062
< -61616
< -62135
< -62617
< -63064
< -63474
< -63847
< -64184
< -64483
< -64746
< -64971
< -65158
< -65308
< -65421
< -65495
< -65532
---
> -1466
> -3038
> -4610
> -6178
> -7743
> -9304
> -10859
> -12408
> -13949
> -15483
> -17008
> -18523
> -20027
> -21520
> -23000
> -24467
> -25920
> -27358
> -28780
> -30186
> -31574
> -32944
> -34295
> -35626
> -36936
> -38226
> -39493
> -40738
> -41959
> -43155
> -44327
> -45474
> -46594
> -47687
> -48753
> -49791
> -50799
> -51779
> -52729
> -53648
> -54537
> -55394
> -56219
> -57011
> -57771
> -58497
> -59190
> -59848
> -60472
> -61061
> -61615
> -62134
> -62616
> -63063
> -63473
> -63846
> -64183
> -64482
> -64745
> -64970
> -65157
> -65307
> -65420
> -65494
2815,2832c2814,2832
< -65493
< -65416
< -65302
< -65150
< -64960
< -64733
< -64469
< -64168
< -63829
< -63454
< -63042
< -62594
< -62110
< -61589
< -61034
< -60443
< -59817
< -59157
---
> -65530
> -65492
> -65415
> -65301
> -65149
> -64959
> -64732
> -64468
> -64167
> -63828
> -63453
> -63041
> -62593
> -62109
> -61588
> -61033
> -60442
> -59816
> -59156
2834,2840c2834,2840
< -57734
< -56973
< -56179
< -55352
< -54494
< -53604
< -52683
---
> -57733
> -56972
> -56178
> -55351
> -54493
> -53603
> -52682
2842,2852c2842,2852
< -50750
< -49740
< -48701
< -47634
< -46539
< -45418
< -44270
< -43097
< -41899
< -40677
< -39431
---
> -50749
> -49739
> -48700
> -47633
> -46538
> -45417
> -44269
> -43096
> -41898
> -40676
> -39430
2854,2862c2854,2862
< -36872
< -35560
< -34228
< -32876
< -31505
< -30116
< -28710
< -27287
< -25848
---
> -36871
> -35559
> -34227
> -32875
> -31504
> -30115
> -28709
> -27286
> -25847
2864,2878c2864,2878
< -22927
< -21446
< -19953
< -18448
< -16932
< -15407
< -13873
< -12331
< -10782
< -9226
< -7666
< -6100
< -4532
< -2960
< -1387
---
> -22926
> -21445
> -19952
> -18447
> -16931
> -15406
> -13872
> -12330
> -10781
> -9225
> -7665
> -6099
> -4531
> -2959
> -1386
2883c2883
< 6472
---
> 6471
2911c2911
< 45686
---
> 45685
2995c2995
< 22649
---
> 22650
2999c2999
< 16646
---
> 16647
3004c3004
< 8933
---
> 8934
3010,3086c3010,3086
< -482
< -2056
< -3628
< -5198
< -6766
< -8329
< -9888
< -11441
< -12987
< -14526
< -16056
< -17577
< -19088
< -20588
< -22076
< -23552
< -25014
< -26461
< -27893
< -29309
< -30708
< -32090
< -33453
< -34797
< -36120
< -37423
< -38704
< -39963
< -41199
< -42411
< -43598
< -44761
< -45897
< -47007
< -48090
< -49146
< -50173
< -51171
< -52139
< -53078
< -53986
< -54862
< -55707
< -56520
< -57300
< -58048
< -58762
< -59441
< -60087
< -60698
< -61274
< -61815
< -62320
< -62789
< -63221
< -63618
< -63978
< -64300
< -64586
< -64834
< -65045
< -65219
< -65355
< -65453
< -65514
< -65536
< -65521
< -65468
< -65378
< -65249
< -65083
< -64880
< -64639
< -64361
< -64045
< -63693
< -63304
---
> -481
> -2055
> -3627
> -5197
> -6765
> -8328
> -9887
> -11439
> -12986
> -14525
> -16055
> -17576
> -19087
> -20587
> -22075
> -23551
> -25013
> -26460
> -27892
> -29308
> -30707
> -32089
> -33452
> -34795
> -36119
> -37422
> -38703
> -39962
> -41198
> -42410
> -43597
> -44760
> -45896
> -47006
> -48089
> -49145
> -50172
> -51170
> -52138
> -53077
> -53984
> -54861
> -55706
> -56519
> -57299
> -58047
> -58761
> -59440
> -60086
> -60697
> -61273
> -61814
> -62319
> -62788
> -63220
> -63617
> -63977
> -64299
> -64585
> -64833
> -65044
> -65218
> -65354
> -65452
> -65513
> -65535
> -65520
> -65467
> -65377
> -65248
> -65082
> -64879
> -64638
> -64360
> -64044
> -63692
> -63303
3088,3096c3088,3096
< -62417
< -61919
< -61385
< -60817
< -60213
< -59574
< -58901
< -58194
< -57453
---
> -62416
> -61918
> -61384
> -60816
> -60212
> -59573
> -58900
> -58193
> -57452
3098,3103c3098,3103
< -55873
< -55034
< -54164
< -53262
< -52330
< -51368
---
> -55872
> -55033
> -54163
> -53261
> -52329
> -51367
3105,3128c3105,3128
< -49354
< -48305
< -47227
< -46122
< -44991
< -43834
< -42651
< -41444
< -40213
< -38959
< -37682
< -36383
< -35064
< -33724
< -32365
< -30987
< -29592
< -28179
< -26750
< -25306
< -23847
< -22374
< -20888
< -19390
---
> -49353
> -48304
> -47226
> -46121
> -44990
> -43833
> -42650
> -41443
> -40212
> -38958
> -37681
> -36382
> -35063
> -33723
> -32364
> -30986
> -29591
> -28178
> -26749
> -25305
> -23846
> -22373
> -20887
> -19389
3130,3131c3130,3131
< -16362
< -14834
---
> -16361
> -14833
3133,3134c3133,3134
< -11752
< -10200
---
> -11751
> -10199
3136,3140c3136,3140
< -7080
< -5513
< -3944
< -2372
< -798
---
> -7079
> -5512
> -3943
> -2371
> -797
3149c3149
< 13275
---
> 13274
3162c3162
< 32346
---
> 32345
3209c3209
< 65355
---
> 65356
3229c3229
< 55717
---
> 55718
3235c3235
< 50185
---
> 50186
3252c3252
< 29327
---
> 29328
3255c3255
< 25032
---
> 25033
3262c3262
< 14545
---
> 14546
3271,3352c3271,3352
< 502
< -1071
< -2645
< -4216
< -5786
< -7352
< -8913
< -10470
< -12020
< -13564
< -15100
< -16627
< -18144
< -19651
< -21147
< -22630
< -24101
< -25557
< -26999
< -28425
< -29835
< -31228
< -32602
< -33958
< -35295
< -36610
< -37905
< -39178
< -40428
< -41655
< -42858
< -44036
< -45189
< -46316
< -47416
< -48489
< -49534
< -50550
< -51537
< -52494
< -53421
< -54317
< -55182
< -56015
< -56816
< -57584
< -58319
< -59020
< -59687
< -60320
< -60918
< -61481
< -62008
< -62499
< -62955
< -63374
< -63757
< -64103
< -64412
< -64683
< -64918
< -65115
< -65274
< -65396
< -65480
< -65527
< -65535
< -65506
< -65439
< -65334
< -65192
< -65012
< -64794
< -64539
< -64247
< -63918
< -63552
< -63149
< -62710
< -62235
< -61723
< -61177
---
> 503
> -1070
> -2644
> -4215
> -5785
> -7350
> -8912
> -10469
> -12019
> -13563
> -15099
> -16626
> -18143
> -19650
> -21146
> -22629
> -24100
> -25556
> -26998
> -28424
> -29834
> -31227
> -32601
> -33957
> -35293
> -36609
> -37904
> -39177
> -40427
> -41654
> -42857
> -44035
> -45188
> -46315
> -47415
> -48488
> -49533
> -50549
> -51536
> -52493
> -53420
> -54316
> -55181
> -56014
> -56815
> -57583
> -58318
> -59019
> -59686
> -60319
> -60917
> -61480
> -62007
> -62498
> -62954
> -63373
> -63756
> -64102
> -64411
> -64682
> -64917
> -65114
> -65273
> -65395
> -65479
> -65526
> -65534
> -65505
> -65438
> -65333
> -65191
> -65011
> -64793
> -64538
> -64246
> -63917
> -63551
> -63148
> -62709
> -62234
> -61722
> -61176
3354,3365c3354,3365
< -59977
< -59326
< -58640
< -57920
< -57167
< -56381
< -55563
< -54712
< -53830
< -52917
< -51973
< -51000
---
> -59976
> -59325
> -58639
> -57919
> -57166
> -56380
> -55562
> -54711
> -53829
> -52916
> -51972
> -50999
3367,3400c3367,3400
< -48965
< -47904
< -46817
< -45702
< -44561
< -43394
< -42202
< -40986
< -39746
< -38483
< -37198
< -35892
< -34565
< -33218
< -31851
< -30467
< -29065
< -27646
< -26211
< -24761
< -23297
< -21819
< -20329
< -18827
< -17314
< -15791
< -14259
< -12719
< -11171
< -9617
< -8058
< -6494
< -4926
< -3355
---
> -48964
> -47903
> -46816
> -45701
> -44560
> -43393
> -42201
> -40985
> -39745
> -38482
> -37197
> -35891
> -34564
> -33217
> -31850
> -30466
> -29064
> -27645
> -26210
> -24760
> -23296
> -21818
> -20328
> -18826
> -17313
> -15790
> -14258
> -12718
> -11170
> -9616
> -8057
> -6493
> -4925
> -3354
3402c3402
< -209
---
> -208
3455c3455
< 62587
---
> 62586
3479c3479
< 63068
---
> 63069
3492,3493c3492,3493
< 54548
< 53660
---
> 54549
> 53661
3497c3497
< 49804
---
> 49805
3522c3522
< 17028
---
> 17029
3529c3529
< 6199
---
> 6200
3533,3633c3533,3633
< -87
< -1661
< -3233
< -4804
< -6372
< -7937
< -9497
< -11051
< -12599
< -14140
< -15673
< -17196
< -18710
< -20213
< -21704
< -23183
< -24648
< -26099
< -27535
< -28955
< -30359
< -31745
< -33112
< -34461
< -35790
< -37098
< -38384
< -39649
< -40891
< -42109
< -43302
< -44471
< -45614
< -46731
< -47821
< -48883
< -49918
< -50923
< -51899
< -52845
< -53760
< -54645
< -55498
< -56319
< -57108
< -57863
< -58585
< -59274
< -59928
< -60548
< -61133
< -61682
< -62196
< -62674
< -63116
< -63522
< -63891
< -64223
< -64518
< -64776
< -64996
< -65179
< -65324
< -65432
< -65502
< -65534
< -65529
< -65485
< -65404
< -65285
< -65129
< -64934
< -64703
< -64434
< -64128
< -63785
< -63405
< -62989
< -62536
< -62047
< -61523
< -60963
< -60368
< -59738
< -59073
< -58375
< -57642
< -56877
< -56079
< -55248
< -54386
< -53492
< -52567
< -51612
< -50627
< -49613
< -48571
< -47500
< -46402
< -45278
< -44127
---
> -86
> -1659
> -3232
> -4803
> -6371
> -7936
> -9496
> -11050
> -12598
> -14139
> -15672
> -17195
> -18709
> -20212
> -21703
> -23182
> -24647
> -26098
> -27534
> -28954
> -30358
> -31744
> -33111
> -34460
> -35789
> -37097
> -38383
> -39648
> -40889
> -42108
> -43301
> -44470
> -45613
> -46730
> -47820
> -48882
> -49916
> -50922
> -51898
> -52844
> -53759
> -54644
> -55497
> -56318
> -57107
> -57862
> -58584
> -59273
> -59927
> -60547
> -61132
> -61681
> -62195
> -62673
> -63115
> -63521
> -63890
> -64222
> -64517
> -64775
> -64995
> -65178
> -65323
> -65431
> -65501
> -65533
> -65528
> -65484
> -65403
> -65284
> -65128
> -64933
> -64702
> -64433
> -64127
> -63784
> -63404
> -62988
> -62535
> -62046
> -61522
> -60962
> -60367
> -59737
> -59072
> -58374
> -57641
> -56876
> -56078
> -55247
> -54385
> -53491
> -52566
> -51611
> -50626
> -49612
> -48570
> -47499
> -46401
> -45277
> -44126
3635,3638c3635,3638
< -41749
< -40524
< -39276
< -38005
---
> -41748
> -40523
> -39275
> -38004
3640,3651c3640,3651
< -35397
< -34063
< -32708
< -31335
< -29944
< -28535
< -27110
< -25670
< -24214
< -22745
< -21262
< -19768
---
> -35396
> -34062
> -32707
> -31334
> -29943
> -28534
> -27109
> -25669
> -24213
> -22744
> -21261
> -19767
3653,3661c3653,3661
< -16745
< -15218
< -13683
< -12140
< -10590
< -9034
< -7473
< -5907
< -4338
---
> -16744
> -15217
> -13682
> -12139
> -10589
> -9033
> -7472
> -5906
> -4337
3663,3664c3663,3664
< -1193
< 381
---
> -1192
> 380
3671c3671
< 11341
---
> 11340
3673,3674c3673,3674
< 14427
< 15958
---
> 14426
> 15957
3765c3765
< 42726
---
> 42727
3768c3768
< 39038
---
> 39039
3772c3772
< 33809
---
> 33810
3781,3782c3781,3782
< 20982
< 19485
---
> 20983
> 19486
3795,3860c3795,3858
< -676
< -2250
< -3822
< -5392
< -6959
< -8522
< -10079
< -11632
< -13177
< -14715
< -16244
< -17764
< -19274
< -20772
< -22259
< -23733
< -25193
< -26639
< -28069
< -29483
< -30880
< -32259
< -33620
< -34961
< -36282
< -37582
< -38860
< -40116
< -41349
< -42558
< -43743
< -44902
< -46036
< -47142
< -48222
< -49274
< -50297
< -51292
< -52257
< -53191
< -54095
< -54968
< -55809
< -56618
< -57394
< -58138
< -58847
< -59523
< -60164
< -60771
< -61343
< -61879
< -62379
< -62844
< -63272
< -63664
< -64019
< -64338
< -64619
< -64862
< -65069
< -65238
< -65369
< -65463
< -65518
< -65536
---
> -675
> -2249
> -3821
> -5391
> -6958
> -8520
> -10078
> -11631
> -13176
> -14714
> -16243
> -17763
> -19273
> -20771
> -22258
> -23732
> -25192
> -26637
> -28068
> -29482
> -30879
> -32258
> -33619
> -34960
> -36281
> -37581
> -38859
> -40115
> -41348
> -42557
> -43742
> -44901
> -46035
> -47141
> -48221
> -49273
> -50296
> -51291
> -52256
> -53190
> -54094
> -54967
> -55808
> -56617
> -57393
> -58137
> -58846
> -59522
> -60163
> -60770
> -61342
> -61878
> -62378
> -62843
> -63271
> -63663
> -64018
> -64337
> -64618
> -64861
> -65068
> -65237
> -65368
> -65462
3862,3878c3860,3878
< -65459
< -65364
< -65231
< -65060
< -64852
< -64607
< -64324
< -64004
< -63647
< -63254
< -62824
< -62357
< -61855
< -61317
< -60744
< -60136
< -59493
---
> -65535
> -65516
> -65458
> -65363
> -65230
> -65059
> -64851
> -64606
> -64323
> -64003
> -63646
> -63253
> -62823
> -62356
> -61854
> -61316
> -60743
> -60135
> -59492
3880,3897c3880,3897
< -58104
< -57360
< -56582
< -55771
< -54929
< -54055
< -53149
< -52213
< -51247
< -50251
< -49226
< -48173
< -47092
< -45984
< -44850
< -43689
< -42504
< -41293
---
> -58103
> -57359
> -56581
> -55770
> -54928
> -54054
> -53148
> -52212
> -51246
> -50250
> -49225
> -48172
> -47091
> -45983
> -44849
> -43688
> -42503
> -41292
3899,3925c3899,3925
< -38802
< -37523
< -36222
< -34900
< -33558
< -32196
< -30816
< -29418
< -28004
< -26573
< -25126
< -23666
< -22191
< -20704
< -19205
< -17695
< -16174
< -14645
< -13106
< -11561
< -10008
< -8450
< -6887
< -5320
< -3750
< -2178
< -604
---
> -38801
> -37522
> -36221
> -34899
> -33557
> -32195
> -30815
> -29417
> -28003
> -26572
> -25125
> -23665
> -22190
> -20703
> -19204
> -17694
> -16173
> -14644
> -13105
> -11560
> -10007
> -8449
> -6886
> -5319
> -3749
> -2177
> -603
3932c3932
< 10370
---
> 10369
3934c3934
< 13465
---
> 13464
3937c3937
< 18047
---
> 18046
3943c3943
< 26907
---
> 26906
4012c4012
< 57215
---
> 57216
4020c4020
< 50060
---
> 50061
4030c4030
< 38563
---
> 38564
4049c4049
< 11269
---
> 11270
4056,4149c4056,4149
< 308
< -1265
< -2839
< -4410
< -5979
< -7544
< -9106
< -10661
< -12211
< -13754
< -15289
< -16814
< -18331
< -19836
< -21331
< -22812
< -24281
< -25736
< -27176
< -28600
< -30008
< -31398
< -32771
< -34124
< -35458
< -36771
< -38063
< -39333
< -40581
< -41805
< -43005
< -44180
< -45330
< -46453
< -47550
< -48619
< -49661
< -50673
< -51657
< -52610
< -53533
< -54426
< -55287
< -56116
< -56913
< -57677
< -58407
< -59104
< -59767
< -60396
< -60989
< -61548
< -62070
< -62558
< -63009
< -63423
< -63801
< -64143
< -64447
< -64714
< -64944
< -65137
< -65291
< -65409
< -65488
< -65530
< -65534
< -65500
< -65428
< -65318
< -65171
< -64987
< -64765
< -64505
< -64208
< -63875
< -63504
< -63097
< -62653
< -62173
< -61658
< -61107
< -60520
< -59899
< -59243
< -58553
< -57829
< -57072
< -56282
< -55460
< -54605
< -53719
< -52802
< -51855
---
> 309
> -1264
> -2837
> -4409
> -5978
> -7543
> -9104
> -10660
> -12210
> -13753
> -15287
> -16813
> -18330
> -19835
> -21329
> -22811
> -24280
> -25735
> -27175
> -28599
> -30007
> -31397
> -32770
> -34123
> -35457
> -36770
> -38062
> -39332
> -40580
> -41804
> -43004
> -44179
> -45329
> -46452
> -47549
> -48618
> -49659
> -50672
> -51655
> -52609
> -53532
> -54425
> -55286
> -56115
> -56912
> -57676
> -58406
> -59103
> -59766
> -60395
> -60988
> -61547
> -62069
> -62557
> -63008
> -63422
> -63800
> -64142
> -64446
> -64713
> -64943
> -65136
> -65290
> -65408
> -65487
> -65529
> -65533
> -65499
> -65427
> -65317
> -65170
> -64986
> -64764
> -64504
> -64207
> -63874
> -63503
> -63096
> -62652
> -62172
> -61657
> -61106
> -60519
> -59898
> -59242
> -58552
> -57828
> -57071
> -56281
> -55459
> -54604
> -53718
> -52801
> -51854
4151,4178c4151,4178
< -49871
< -48835
< -47772
< -46681
< -45563
< -44418
< -43248
< -42053
< -40834
< -39591
< -38326
< -37038
< -35729
< -34400
< -33050
< -31682
< -30295
< -28891
< -27470
< -26033
< -24581
< -23115
< -21636
< -20144
< -18641
< -17127
< -15603
< -14070
---
> -49870
> -48834
> -47771
> -46680
> -45562
> -44417
> -43247
> -42052
> -40833
> -39590
> -38325
> -37037
> -35728
> -34399
> -33049
> -31681
> -30294
> -28890
> -27469
> -26032
> -24580
> -23114
> -21635
> -20143
> -18640
> -17126
> -15602
> -14069
4180c4180
< -10980
---
> -10979
4182,4185c4182,4185
< -7865
< -6301
< -4732
< -3161
---
> -7864
> -6300
> -4731
> -3160
4187c4187
< -15
---
> -14
4207c4207
< 30269
---
> 30268
4209c4209
< 33025
---
> 33024
4264c4264
< 63015
---
> 63016
4292c4292
< 38085
---
> 38086
4295c4295
< 34147
---
> 34148
4304,4305c4304,4305
< 21356
< 19862
---
> 21357
> 19863
4311c4311
< 10688
---
> 10689
4315c4315
< 4437
---
> 4438
4318,4410c4318,4410
< -281
< -1855
< -3427
< -4998
< -6566
< -8129
< -9689
< -11242
< -12790
< -14329
< -15861
< -17383
< -18896
< -20397
< -21887
< -23364
< -24828
< -26277
< -27711
< -29129
< -30531
< -31914
< -33280
< -34626
< -35952
< -37258
< -38541
< -39803
< -41042
< -42257
< -43448
< -44614
< -45753
< -46867
< -47954
< -49012
< -50043
< -51045
< -52017
< -52959
< -53871
< -54752
< -55601
< -56418
< -57203
< -57954
< -58672
< -59356
< -60006
< -60622
< -61202
< -61748
< -62257
< -62731
< -63168
< -63569
< -63934
< -64261
< -64552
< -64805
< -65021
< -65199
< -65340
< -65443
< -65508
< -65536
< -65525
< -65477
< -65391
< -65268
< -65107
< -64908
< -64672
< -64398
< -64088
< -63740
< -63356
< -62935
< -62478
< -61985
< -61456
< -60891
< -60292
< -59657
< -58989
< -58286
< -57550
< -56780
< -55978
< -55143
< -54277
< -53379
< -52451
---
> -280
> -1853
> -3426
> -4997
> -6564
> -8128
> -9688
> -11241
> -12788
> -14328
> -15860
> -17382
> -18895
> -20396
> -21886
> -23363
> -24827
> -26276
> -27710
> -29128
> -30530
> -31913
> -33279
> -34625
> -35951
> -37256
> -38540
> -39802
> -41041
> -42256
> -43447
> -44612
> -45752
> -46866
> -47952
> -49011
> -50042
> -51044
> -52016
> -52958
> -53870
> -54751
> -55600
> -56417
> -57202
> -57953
> -58671
> -59355
> -60005
> -60621
> -61201
> -61746
> -62256
> -62730
> -63167
> -63568
> -63933
> -64260
> -64551
> -64804
> -65020
> -65198
> -65339
> -65442
> -65507
> -65535
> -65524
> -65476
> -65390
> -65267
> -65106
> -64907
> -64671
> -64397
> -64087
> -63739
> -63355
> -62934
> -62477
> -61984
> -61455
> -60890
> -60291
> -59656
> -58988
> -58285
> -57549
> -56779
> -55977
> -55142
> -54276
> -53378
> -52450
